<?xml version="1.0" encoding="UTF-8"?>
<testsuite xmlns:xsi="http://www.w3.org/2001/XMLSchema-instance" xsi:noNamespaceSchemaLocation="https://maven.apache.org/surefire/maven-surefire-plugin/xsd/surefire-test-report-3.0.xsd" version="3.0" name="ManagementService.ManagementServiceApplicationTests" time="6.676" tests="1" errors="0" skipped="0" failures="0">
  <properties>
[...]
</properties>
  <testcase name="contextLoads" classname="ManagementService.ManagementServiceApplicationTests" time="0.015">
    <system-out><![CDATA[17:34:01.165 [main] INFO org.springframework.test.context.support.AnnotationConfigContextLoaderUtils -- Could not detect default configuration classes for test class [ManagementService.ManagementServiceApplicationTests]: ManagementServiceApplicationTests does not declare any static, non-private, non-final, nested classes annotated with @Configuration.
17:34:01.260 [main] INFO org.springframework.boot.test.context.SpringBootTestContextBootstrapper -- Found @SpringBootConfiguration ManagementService.ManagementServiceApplication for test class ManagementService.ManagementServiceApplicationTests
  .   ____          _            __ _ _
 /\\ / ___'_ __ _ _(_)_ __  __ _ \ \ \ \
( ( )\___ | '_ | '_| | '_ \/ _` | \ \ \ \
 \\/  ___)| |_)| | | | | || (_| |  ) ) ) )
  '  |____| .__|_| |_|_| |_\__, | / / / /
 =========|_|==============|___/=/_/_/_/

 :: Spring Boot ::                (v3.3.0)

2024-06-09T17:34:01.748+03:00  INFO 5880 --- [ManagementService] [           main] M.ManagementServiceApplicationTests      : Starting ManagementServiceApplicationTests using Java 17.0.10 with PID 5880 (started by eshap in D:\2_JAVA\ManagementService)
2024-06-09T17:34:01.750+03:00  INFO 5880 --- [ManagementService] [           main] M.ManagementServiceApplicationTests      : No active profile set, falling back to 1 default profile: "default"
2024-06-09T17:34:02.611+03:00  INFO 5880 --- [ManagementService] [           main] .s.d.r.c.RepositoryConfigurationDelegate : Multiple Spring Data modules found, entering strict repository configuration mode
2024-06-09T17:34:02.612+03:00  INFO 5880 --- [ManagementService] [           main] .s.d.r.c.RepositoryConfigurationDelegate : Bootstrapping Spring Data JDBC repositories in DEFAULT mode.
2024-06-09T17:34:02.649+03:00  INFO 5880 --- [ManagementService] [           main] .RepositoryConfigurationExtensionSupport : Spring Data JDBC - Could not safely identify store assignment for repository candidate interface ManagementService.company.CompanyRepository; If you want this repository to be a JDBC repository, consider annotating your entities with one of these annotations: org.springframework.data.relational.core.mapping.Table.
2024-06-09T17:34:02.651+03:00  INFO 5880 --- [ManagementService] [           main] .RepositoryConfigurationExtensionSupport : Spring Data JDBC - Could not safely identify store assignment for repository candidate interface ManagementService.reportDetails.ReportDetailsRepository; If you want this repository to be a JDBC repository, consider annotating your entities with one of these annotations: org.springframework.data.relational.core.mapping.Table.
2024-06-09T17:34:02.652+03:00  INFO 5880 --- [ManagementService] [           main] .RepositoryConfigurationExtensionSupport : Spring Data JDBC - Could not safely identify store assignment for repository candidate interface ManagementService.report.ReportRepository; If you want this repository to be a JDBC repository, consider annotating your entities with one of these annotations: org.springframework.data.relational.core.mapping.Table.
2024-06-09T17:34:02.653+03:00  INFO 5880 --- [ManagementService] [           main] .RepositoryConfigurationExtensionSupport : Spring Data JDBC - Could not safely identify store assignment for repository candidate interface ManagementService.user.UserRepository; If you want this repository to be a JDBC repository, consider annotating your entities with one of these annotations: org.springframework.data.relational.core.mapping.Table.
2024-06-09T17:34:02.654+03:00  INFO 5880 --- [ManagementService] [           main] .s.d.r.c.RepositoryConfigurationDelegate : Finished Spring Data repository scanning in 36 ms. Found 0 JDBC repository interfaces.
2024-06-09T17:34:02.665+03:00  INFO 5880 --- [ManagementService] [           main] .s.d.r.c.RepositoryConfigurationDelegate : Multiple Spring Data modules found, entering strict repository configuration mode
2024-06-09T17:34:02.666+03:00  INFO 5880 --- [ManagementService] [           main] .s.d.r.c.RepositoryConfigurationDelegate : Bootstrapping Spring Data JPA repositories in DEFAULT mode.
2024-06-09T17:34:02.678+03:00  INFO 5880 --- [ManagementService] [           main] .RepositoryConfigurationExtensionSupport : Spring Data JPA - Could not safely identify store assignment for repository candidate interface ManagementService.reportDetails.ReportDetailsRepository; If you want this repository to be a JPA repository, consider annotating your entities with one of these annotations: jakarta.persistence.Entity, jakarta.persistence.MappedSuperclass (preferred), or consider extending one of the following types with your repository: org.springframework.data.jpa.repository.JpaRepository
2024-06-09T17:34:02.696+03:00  INFO 5880 --- [ManagementService] [           main] .s.d.r.c.RepositoryConfigurationDelegate : Finished Spring Data repository scanning in 26 ms. Found 3 JPA repository interfaces.
2024-06-09T17:34:02.737+03:00  INFO 5880 --- [ManagementService] [           main] .s.d.r.c.RepositoryConfigurationDelegate : Multiple Spring Data modules found, entering strict repository configuration mode
2024-06-09T17:34:02.738+03:00  INFO 5880 --- [ManagementService] [           main] .s.d.r.c.RepositoryConfigurationDelegate : Bootstrapping Spring Data MongoDB repositories in DEFAULT mode.
2024-06-09T17:34:02.749+03:00  INFO 5880 --- [ManagementService] [           main] .RepositoryConfigurationExtensionSupport : Spring Data MongoDB - Could not safely identify store assignment for repository candidate interface ManagementService.company.CompanyRepository; If you want this repository to be a MongoDB repository, consider annotating your entities with one of these annotations: org.springframework.data.mongodb.core.mapping.Document (preferred), or consider extending one of the following types with your repository: org.springframework.data.mongodb.repository.MongoRepository
2024-06-09T17:34:02.750+03:00  INFO 5880 --- [ManagementService] [           main] .RepositoryConfigurationExtensionSupport : Spring Data MongoDB - Could not safely identify store assignment for repository candidate interface ManagementService.report.ReportRepository; If you want this repository to be a MongoDB repository, consider annotating your entities with one of these annotations: org.springframework.data.mongodb.core.mapping.Document (preferred), or consider extending one of the following types with your repository: org.springframework.data.mongodb.repository.MongoRepository
2024-06-09T17:34:02.751+03:00  INFO 5880 --- [ManagementService] [           main] .RepositoryConfigurationExtensionSupport : Spring Data MongoDB - Could not safely identify store assignment for repository candidate interface ManagementService.user.UserRepository; If you want this repository to be a MongoDB repository, consider annotating your entities with one of these annotations: org.springframework.data.mongodb.core.mapping.Document (preferred), or consider extending one of the following types with your repository: org.springframework.data.mongodb.repository.MongoRepository
2024-06-09T17:34:02.756+03:00  INFO 5880 --- [ManagementService] [           main] .s.d.r.c.RepositoryConfigurationDelegate : Finished Spring Data repository scanning in 18 ms. Found 1 MongoDB repository interface.
2024-06-09T17:34:03.522+03:00  INFO 5880 --- [ManagementService] [           main] com.zaxxer.hikari.HikariDataSource       : HikariPool-1 - Starting...
2024-06-09T17:34:03.751+03:00  INFO 5880 --- [ManagementService] [           main] com.zaxxer.hikari.pool.HikariPool        : HikariPool-1 - Added connection org.postgresql.jdbc.PgConnection@1174676f
2024-06-09T17:34:03.754+03:00  INFO 5880 --- [ManagementService] [           main] com.zaxxer.hikari.HikariDataSource       : HikariPool-1 - Start completed.
2024-06-09T17:34:03.908+03:00  INFO 5880 --- [ManagementService] [           main] liquibase.database                       : Set default schema name to public
2024-06-09T17:34:04.464+03:00  INFO 5880 --- [ManagementService] [           main] liquibase.changelog                      : Reading from public.databasechangelog
2024-06-09T17:34:04.517+03:00  INFO 5880 --- [ManagementService] [           main] liquibase.ui                             : Database is up to date, no changesets to execute
2024-06-09T17:34:04.519+03:00  INFO 5880 --- [ManagementService] [           main] liquibase.changelog                      : Reading from public.databasechangelog
2024-06-09T17:34:04.532+03:00  INFO 5880 --- [ManagementService] [           main] liquibase.util                           : UPDATE SUMMARY
2024-06-09T17:34:04.532+03:00  INFO 5880 --- [ManagementService] [           main] liquibase.util                           : Run:                          0
2024-06-09T17:34:04.532+03:00  INFO 5880 --- [ManagementService] [           main] liquibase.util                           : Previously run:               1
2024-06-09T17:34:04.532+03:00  INFO 5880 --- [ManagementService] [           main] liquibase.util                           : Filtered out:                 0
2024-06-09T17:34:04.533+03:00  INFO 5880 --- [ManagementService] [           main] liquibase.util                           : -------------------------------
2024-06-09T17:34:04.533+03:00  INFO 5880 --- [ManagementService] [           main] liquibase.util                           : Total change sets:            1
2024-06-09T17:34:04.534+03:00  INFO 5880 --- [ManagementService] [           main] liquibase.util                           : Update summary generated
2024-06-09T17:34:04.567+03:00  INFO 5880 --- [ManagementService] [           main] liquibase.lockservice                    : Successfully released change log lock
2024-06-09T17:34:04.570+03:00  INFO 5880 --- [ManagementService] [           main] liquibase.command                        : Command execution complete
2024-06-09T17:34:04.614+03:00  INFO 5880 --- [ManagementService] [           main] org.flywaydb.core.FlywayExecutor         : Database: jdbc:postgresql://localhost:5432/mydatabase (PostgreSQL 12.19)
2024-06-09T17:34:04.656+03:00  INFO 5880 --- [ManagementService] [           main] o.f.core.internal.command.DbValidate     : Successfully validated 1 migration (execution time 00:00.022s)
2024-06-09T17:34:04.670+03:00  INFO 5880 --- [ManagementService] [           main] o.f.core.internal.command.DbMigrate      : Current version of schema "public": 1
2024-06-09T17:34:04.674+03:00  INFO 5880 --- [ManagementService] [           main] o.f.core.internal.command.DbMigrate      : Schema "public" is up to date. No migration necessary.
2024-06-09T17:34:04.811+03:00  INFO 5880 --- [ManagementService] [           main] o.hibernate.jpa.internal.util.LogHelper  : HHH000204: Processing PersistenceUnitInfo [name: default]
2024-06-09T17:34:04.901+03:00  INFO 5880 --- [ManagementService] [           main] org.hibernate.Version                    : HHH000412: Hibernate ORM core version 6.5.2.Final
2024-06-09T17:34:04.939+03:00  INFO 5880 --- [ManagementService] [           main] o.h.c.internal.RegionFactoryInitiator    : HHH000026: Second-level cache disabled
2024-06-09T17:34:05.128+03:00  INFO 5880 --- [ManagementService] [           main] o.s.o.j.p.SpringPersistenceUnitInfo      : No LoadTimeWeaver setup: ignoring JPA class transformer
2024-06-09T17:34:05.190+03:00  WARN 5880 --- [ManagementService] [           main] org.hibernate.orm.deprecation            : HHH90000025: PostgreSQLDialect does not need to be specified explicitly using 'hibernate.dialect' (remove the property setting and it will be selected by default)
2024-06-09T17:34:05.949+03:00  INFO 5880 --- [ManagementService] [           main] o.h.e.t.j.p.i.JtaPlatformInitiator       : HHH000489: No JTA platform available (set 'hibernate.transaction.jta.platform' to enable JTA platform integration)
2024-06-09T17:34:06.016+03:00  INFO 5880 --- [ManagementService] [           main] j.LocalContainerEntityManagerFactoryBean : Initialized JPA EntityManagerFactory for persistence unit 'default'
2024-06-09T17:34:06.490+03:00  INFO 5880 --- [ManagementService] [localhost:27017] org.mongodb.driver.cluster               : Exception in monitor thread while connecting to server localhost:27017

com.mongodb.MongoSocketOpenException: Exception opening socket
	at com.mongodb.internal.connection.SocketStream.lambda$open$0(SocketStream.java:86) ~[mongodb-driver-core-5.0.1.jar:na]
	at java.base/java.util.Optional.orElseThrow(Optional.java:403) ~[na:na]
	at com.mongodb.internal.connection.SocketStream.open(SocketStream.java:86) ~[mongodb-driver-core-5.0.1.jar:na]
	at com.mongodb.internal.connection.InternalStreamConnection.open(InternalStreamConnection.java:201) ~[mongodb-driver-core-5.0.1.jar:na]
	at com.mongodb.internal.connection.DefaultServerMonitor$ServerMonitorRunnable.lookupServerDescription(DefaultServerMonitor.java:193) ~[mongodb-driver-core-5.0.1.jar:na]
	at com.mongodb.internal.connection.DefaultServerMonitor$ServerMonitorRunnable.run(DefaultServerMonitor.java:153) ~[mongodb-driver-core-5.0.1.jar:na]
	at java.base/java.lang.Thread.run(Thread.java:842) ~[na:na]
Caused by: java.net.ConnectException: Connection refused: no further information
	at java.base/sun.nio.ch.Net.pollConnect(Native Method) ~[na:na]
	at java.base/sun.nio.ch.Net.pollConnectNow(Net.java:672) ~[na:na]
	at java.base/sun.nio.ch.NioSocketImpl.timedFinishConnect(NioSocketImpl.java:554) ~[na:na]
	at java.base/sun.nio.ch.NioSocketImpl.connect(NioSocketImpl.java:602) ~[na:na]
	at java.base/java.net.SocksSocketImpl.connect(SocksSocketImpl.java:327) ~[na:na]
	at java.base/java.net.Socket.connect(Socket.java:633) ~[na:na]
	at com.mongodb.internal.connection.SocketStreamHelper.initialize(SocketStreamHelper.java:76) ~[mongodb-driver-core-5.0.1.jar:na]
	at com.mongodb.internal.connection.SocketStream.initializeSocket(SocketStream.java:105) ~[mongodb-driver-core-5.0.1.jar:na]
	at com.mongodb.internal.connection.SocketStream.open(SocketStream.java:80) ~[mongodb-driver-core-5.0.1.jar:na]
	... 4 common frames omitted

2024-06-09T17:34:06.498+03:00  INFO 5880 --- [ManagementService] [           main] org.mongodb.driver.client                : MongoClient with metadata {"driver": {"name": "mongo-java-driver|sync|spring-boot", "version": "5.0.1"}, "os": {"type": "Windows", "name": "Windows 10", "architecture": "amd64", "version": "10.0"}, "platform": "Java/Oracle Corporation/17.0.10+11-LTS-240"} created with settings MongoClientSettings{readPreference=primary, writeConcern=WriteConcern{w=null, wTimeout=null ms, journal=null}, retryWrites=true, retryReads=true, readConcern=ReadConcern{level=null}, credential=null, transportSettings=null, commandListeners=[], codecRegistry=ProvidersCodecRegistry{codecProviders=[ValueCodecProvider{}, BsonValueCodecProvider{}, DBRefCodecProvider{}, DBObjectCodecProvider{}, DocumentCodecProvider{}, CollectionCodecProvider{}, IterableCodecProvider{}, MapCodecProvider{}, GeoJsonCodecProvider{}, GridFSFileCodecProvider{}, Jsr310CodecProvider{}, JsonObjectCodecProvider{}, BsonCodecProvider{}, EnumCodecProvider{}, com.mongodb.client.model.mql.ExpressionCodecProvider@79f14c56, com.mongodb.Jep395RecordCodecProvider@19f007c4, com.mongodb.KotlinCodecProvider@73790bb5]}, loggerSettings=LoggerSettings{maxDocumentLength=1000}, clusterSettings={hosts=[localhost:27017], srvServiceName=mongodb, mode=SINGLE, requiredClusterType=UNKNOWN, requiredReplicaSetName='null', serverSelector='null', clusterListeners='[]', serverSelectionTimeout='30000 ms', localThreshold='15 ms'}, socketSettings=SocketSettings{connectTimeoutMS=10000, readTimeoutMS=0, receiveBufferSize=0, proxySettings=ProxySettings{host=null, port=null, username=null, password=null}}, heartbeatSocketSettings=SocketSettings{connectTimeoutMS=10000, readTimeoutMS=10000, receiveBufferSize=0, proxySettings=ProxySettings{host=null, port=null, username=null, password=null}}, connectionPoolSettings=ConnectionPoolSettings{maxSize=100, minSize=0, maxWaitTimeMS=120000, maxConnectionLifeTimeMS=0, maxConnectionIdleTimeMS=0, maintenanceInitialDelayMS=0, maintenanceFrequencyMS=60000, connectionPoolListeners=[], maxConnecting=2}, serverSettings=ServerSettings{heartbeatFrequencyMS=10000, minHeartbeatFrequencyMS=500, serverListeners='[]', serverMonitorListeners='[]'}, sslSettings=SslSettings{enabled=false, invalidHostNameAllowed=false, context=null}, applicationName='null', compressorList=[], uuidRepresentation=JAVA_LEGACY, serverApi=null, autoEncryptionSettings=null, dnsClient=null, inetAddressResolver=null, contextProvider=null}
2024-06-09T17:34:06.849+03:00  WARN 5880 --- [ManagementService] [           main] JpaBaseConfiguration$JpaWebConfiguration : spring.jpa.open-in-view is enabled by default. Therefore, database queries may be performed during view rendering. Explicitly configure spring.jpa.open-in-view to disable this warning
2024-06-09T17:34:06.880+03:00  INFO 5880 --- [ManagementService] [           main] r$InitializeUserDetailsManagerConfigurer : Global AuthenticationManager configured with UserDetailsService bean with name customUserDetailsService
2024-06-09T17:34:07.198+03:00  INFO 5880 --- [ManagementService] [           main] o.s.s.web.DefaultSecurityFilterChain     : Will secure any request with [org.springframework.security.web.session.DisableEncodeUrlFilter@28058dd0, org.springframework.security.web.context.request.async.WebAsyncManagerIntegrationFilter@735d1db7, org.springframework.security.web.context.SecurityContextHolderFilter@13b0755e, org.springframework.security.web.header.HeaderWriterFilter@41d0b71d, org.springframework.web.filter.CorsFilter@4040559d, org.springframework.security.web.authentication.logout.LogoutFilter@1cfca845, ManagementService.security.JwtRequestFilter@253c82ad, org.springframework.security.web.savedrequest.RequestCacheAwareFilter@19f3c1f7, org.springframework.security.web.servletapi.SecurityContextHolderAwareRequestFilter@65263248, org.springframework.security.web.authentication.AnonymousAuthenticationFilter@2153f0d7, org.springframework.security.web.session.SessionManagementFilter@73f83bff, org.springframework.security.web.access.ExceptionTranslationFilter@60483dcf, org.springframework.security.web.access.intercept.AuthorizationFilter@5f709e71]
2024-06-09T17:34:07.444+03:00  WARN 5880 --- [ManagementService] [           main] ion$DefaultTemplateResolverConfiguration : Cannot find template location: classpath:/templates/ (please add some templates, check your Thymeleaf configuration, or set spring.thymeleaf.check-template-location=false)
2024-06-09T17:34:07.650+03:00  INFO 5880 --- [ManagementService] [           main] M.ManagementServiceApplicationTests      : Started ManagementServiceApplicationTests in 6.203 seconds (process running for 8.677)
]]></system-out>
  </testcase>
</testsuite>